{"C:\\Users\\jenny\\Documents\\Launch School\\Todo\\todo.js": {"path":"C:\\Users\\jenny\\Documents\\Launch School\\Todo\\todo.js","statementMap":{"0":{"start":{"line":7,"column":4},"end":{"line":7,"column":23}},"1":{"start":{"line":8,"column":4},"end":{"line":8,"column":22}},"2":{"start":{"line":12,"column":17},"end":{"line":12,"column":70}},"3":{"start":{"line":13,"column":4},"end":{"line":13,"column":39}},"4":{"start":{"line":17,"column":4},"end":{"line":17,"column":21}},"5":{"start":{"line":21,"column":4},"end":{"line":21,"column":22}},"6":{"start":{"line":25,"column":4},"end":{"line":25,"column":21}},"7":{"start":{"line":29,"column":4},"end":{"line":29,"column":22}},"8":{"start":{"line":33,"column":0},"end":{"line":33,"column":23}},"9":{"start":{"line":34,"column":0},"end":{"line":34,"column":25}},"10":{"start":{"line":36,"column":0},"end":{"line":36,"column":22}}},"fnMap":{"0":{"name":"(anonymous_0)","decl":{"start":{"line":6,"column":2},"end":{"line":6,"column":3}},"loc":{"start":{"line":6,"column":21},"end":{"line":9,"column":3}},"line":6},"1":{"name":"(anonymous_1)","decl":{"start":{"line":11,"column":2},"end":{"line":11,"column":3}},"loc":{"start":{"line":11,"column":13},"end":{"line":14,"column":3}},"line":11},"2":{"name":"(anonymous_2)","decl":{"start":{"line":16,"column":2},"end":{"line":16,"column":3}},"loc":{"start":{"line":16,"column":13},"end":{"line":18,"column":3}},"line":16},"3":{"name":"(anonymous_3)","decl":{"start":{"line":20,"column":2},"end":{"line":20,"column":3}},"loc":{"start":{"line":20,"column":15},"end":{"line":22,"column":3}},"line":20},"4":{"name":"(anonymous_4)","decl":{"start":{"line":24,"column":2},"end":{"line":24,"column":3}},"loc":{"start":{"line":24,"column":11},"end":{"line":26,"column":3}},"line":24},"5":{"name":"(anonymous_5)","decl":{"start":{"line":28,"column":2},"end":{"line":28,"column":3}},"loc":{"start":{"line":28,"column":13},"end":{"line":30,"column":3}},"line":28}},"branchMap":{"0":{"loc":{"start":{"line":12,"column":17},"end":{"line":12,"column":70}},"type":"cond-expr","locations":[{"start":{"line":12,"column":33},"end":{"line":12,"column":49}},{"start":{"line":12,"column":52},"end":{"line":12,"column":70}}],"line":12}},"s":{"0":72,"1":72,"2":9,"3":9,"4":23,"5":4,"6":35,"7":15,"8":1,"9":1,"10":1},"f":{"0":72,"1":9,"2":23,"3":4,"4":35,"5":15},"b":{"0":[4,5]},"_coverageSchema":"1a1c01bbd47fc00a2c39e90264f33305004495a9","hash":"10a032c806ca2043688265afa100b732298e796f"}
,"C:\\Users\\jenny\\Documents\\Launch School\\Todo\\todolist.js": {"path":"C:\\Users\\jenny\\Documents\\Launch School\\Todo\\todolist.js","statementMap":{"0":{"start":{"line":5,"column":13},"end":{"line":5,"column":33}},"1":{"start":{"line":9,"column":4},"end":{"line":9,"column":23}},"2":{"start":{"line":10,"column":4},"end":{"line":10,"column":20}},"3":{"start":{"line":14,"column":4},"end":{"line":16,"column":5}},"4":{"start":{"line":15,"column":6},"end":{"line":15,"column":55}},"5":{"start":{"line":18,"column":4},"end":{"line":18,"column":26}},"6":{"start":{"line":22,"column":4},"end":{"line":22,"column":29}},"7":{"start":{"line":26,"column":4},"end":{"line":26,"column":25}},"8":{"start":{"line":30,"column":4},"end":{"line":30,"column":39}},"9":{"start":{"line":34,"column":4},"end":{"line":34,"column":31}},"10":{"start":{"line":35,"column":4},"end":{"line":35,"column":29}},"11":{"start":{"line":39,"column":4},"end":{"line":39,"column":34}},"12":{"start":{"line":43,"column":4},"end":{"line":43,"column":36}},"13":{"start":{"line":47,"column":4},"end":{"line":47,"column":51}},"14":{"start":{"line":47,"column":36},"end":{"line":47,"column":49}},"15":{"start":{"line":51,"column":4},"end":{"line":51,"column":30}},"16":{"start":{"line":55,"column":4},"end":{"line":55,"column":28}},"17":{"start":{"line":59,"column":4},"end":{"line":59,"column":31}},"18":{"start":{"line":60,"column":4},"end":{"line":60,"column":39}},"19":{"start":{"line":64,"column":16},"end":{"line":64,"column":41}},"20":{"start":{"line":65,"column":15},"end":{"line":65,"column":65}},"21":{"start":{"line":65,"column":38},"end":{"line":65,"column":53}},"22":{"start":{"line":66,"column":4},"end":{"line":66,"column":31}},"23":{"start":{"line":70,"column":4},"end":{"line":70,"column":47}},"24":{"start":{"line":70,"column":31},"end":{"line":70,"column":45}},"25":{"start":{"line":74,"column":18},"end":{"line":74,"column":42}},"26":{"start":{"line":75,"column":4},"end":{"line":79,"column":7}},"27":{"start":{"line":76,"column":6},"end":{"line":78,"column":7}},"28":{"start":{"line":77,"column":8},"end":{"line":77,"column":26}},"29":{"start":{"line":81,"column":4},"end":{"line":81,"column":19}},"30":{"start":{"line":85,"column":4},"end":{"line":85,"column":66}},"31":{"start":{"line":85,"column":31},"end":{"line":85,"column":56}},"32":{"start":{"line":89,"column":4},"end":{"line":89,"column":46}},"33":{"start":{"line":89,"column":31},"end":{"line":89,"column":44}},"34":{"start":{"line":93,"column":4},"end":{"line":93,"column":47}},"35":{"start":{"line":93,"column":31},"end":{"line":93,"column":45}},"36":{"start":{"line":97,"column":15},"end":{"line":97,"column":38}},"37":{"start":{"line":98,"column":4},"end":{"line":100,"column":5}},"38":{"start":{"line":99,"column":6},"end":{"line":99,"column":22}},"39":{"start":{"line":104,"column":4},"end":{"line":104,"column":42}},"40":{"start":{"line":104,"column":25},"end":{"line":104,"column":40}},"41":{"start":{"line":108,"column":4},"end":{"line":108,"column":44}},"42":{"start":{"line":108,"column":25},"end":{"line":108,"column":42}},"43":{"start":{"line":112,"column":4},"end":{"line":112,"column":30}},"44":{"start":{"line":116,"column":4},"end":{"line":118,"column":5}},"45":{"start":{"line":117,"column":6},"end":{"line":117,"column":58}},"46":{"start":{"line":122,"column":0},"end":{"line":122,"column":26}},"47":{"start":{"line":124,"column":0},"end":{"line":124,"column":29}},"48":{"start":{"line":125,"column":0},"end":{"line":125,"column":31}},"49":{"start":{"line":126,"column":0},"end":{"line":126,"column":34}},"50":{"start":{"line":128,"column":0},"end":{"line":128,"column":37}},"51":{"start":{"line":129,"column":0},"end":{"line":129,"column":16}},"52":{"start":{"line":130,"column":0},"end":{"line":130,"column":16}},"53":{"start":{"line":131,"column":0},"end":{"line":131,"column":16}},"54":{"start":{"line":132,"column":0},"end":{"line":132,"column":18}}},"fnMap":{"0":{"name":"(anonymous_0)","decl":{"start":{"line":8,"column":2},"end":{"line":8,"column":3}},"loc":{"start":{"line":8,"column":21},"end":{"line":11,"column":3}},"line":8},"1":{"name":"(anonymous_1)","decl":{"start":{"line":13,"column":2},"end":{"line":13,"column":3}},"loc":{"start":{"line":13,"column":12},"end":{"line":19,"column":3}},"line":13},"2":{"name":"(anonymous_2)","decl":{"start":{"line":21,"column":2},"end":{"line":21,"column":3}},"loc":{"start":{"line":21,"column":9},"end":{"line":23,"column":3}},"line":21},"3":{"name":"(anonymous_3)","decl":{"start":{"line":25,"column":2},"end":{"line":25,"column":3}},"loc":{"start":{"line":25,"column":10},"end":{"line":27,"column":3}},"line":25},"4":{"name":"(anonymous_4)","decl":{"start":{"line":29,"column":2},"end":{"line":29,"column":3}},"loc":{"start":{"line":29,"column":9},"end":{"line":31,"column":3}},"line":29},"5":{"name":"(anonymous_5)","decl":{"start":{"line":33,"column":2},"end":{"line":33,"column":3}},"loc":{"start":{"line":33,"column":16},"end":{"line":36,"column":3}},"line":33},"6":{"name":"(anonymous_6)","decl":{"start":{"line":38,"column":2},"end":{"line":38,"column":3}},"loc":{"start":{"line":38,"column":20},"end":{"line":40,"column":3}},"line":38},"7":{"name":"(anonymous_7)","decl":{"start":{"line":42,"column":2},"end":{"line":42,"column":3}},"loc":{"start":{"line":42,"column":22},"end":{"line":44,"column":3}},"line":42},"8":{"name":"(anonymous_8)","decl":{"start":{"line":46,"column":2},"end":{"line":46,"column":3}},"loc":{"start":{"line":46,"column":11},"end":{"line":48,"column":3}},"line":46},"9":{"name":"(anonymous_9)","decl":{"start":{"line":47,"column":28},"end":{"line":47,"column":29}},"loc":{"start":{"line":47,"column":36},"end":{"line":47,"column":49}},"line":47},"10":{"name":"(anonymous_10)","decl":{"start":{"line":50,"column":2},"end":{"line":50,"column":3}},"loc":{"start":{"line":50,"column":10},"end":{"line":52,"column":3}},"line":50},"11":{"name":"(anonymous_11)","decl":{"start":{"line":54,"column":2},"end":{"line":54,"column":3}},"loc":{"start":{"line":54,"column":8},"end":{"line":56,"column":3}},"line":54},"12":{"name":"(anonymous_12)","decl":{"start":{"line":58,"column":2},"end":{"line":58,"column":3}},"loc":{"start":{"line":58,"column":18},"end":{"line":61,"column":3}},"line":58},"13":{"name":"(anonymous_13)","decl":{"start":{"line":63,"column":2},"end":{"line":63,"column":3}},"loc":{"start":{"line":63,"column":13},"end":{"line":67,"column":3}},"line":63},"14":{"name":"(anonymous_14)","decl":{"start":{"line":65,"column":30},"end":{"line":65,"column":31}},"loc":{"start":{"line":65,"column":38},"end":{"line":65,"column":53}},"line":65},"15":{"name":"(anonymous_15)","decl":{"start":{"line":69,"column":2},"end":{"line":69,"column":3}},"loc":{"start":{"line":69,"column":20},"end":{"line":71,"column":3}},"line":69},"16":{"name":"(anonymous_16)","decl":{"start":{"line":70,"column":23},"end":{"line":70,"column":24}},"loc":{"start":{"line":70,"column":31},"end":{"line":70,"column":45}},"line":70},"17":{"name":"(anonymous_17)","decl":{"start":{"line":73,"column":2},"end":{"line":73,"column":3}},"loc":{"start":{"line":73,"column":19},"end":{"line":82,"column":3}},"line":73},"18":{"name":"(anonymous_18)","decl":{"start":{"line":75,"column":17},"end":{"line":75,"column":18}},"loc":{"start":{"line":75,"column":25},"end":{"line":79,"column":5}},"line":75},"19":{"name":"(anonymous_19)","decl":{"start":{"line":84,"column":2},"end":{"line":84,"column":3}},"loc":{"start":{"line":84,"column":21},"end":{"line":86,"column":3}},"line":84},"20":{"name":"(anonymous_20)","decl":{"start":{"line":85,"column":23},"end":{"line":85,"column":24}},"loc":{"start":{"line":85,"column":31},"end":{"line":85,"column":56}},"line":85},"21":{"name":"(anonymous_21)","decl":{"start":{"line":88,"column":2},"end":{"line":88,"column":3}},"loc":{"start":{"line":88,"column":12},"end":{"line":90,"column":3}},"line":88},"22":{"name":"(anonymous_22)","decl":{"start":{"line":89,"column":23},"end":{"line":89,"column":24}},"loc":{"start":{"line":89,"column":31},"end":{"line":89,"column":44}},"line":89},"23":{"name":"(anonymous_23)","decl":{"start":{"line":92,"column":2},"end":{"line":92,"column":3}},"loc":{"start":{"line":92,"column":15},"end":{"line":94,"column":3}},"line":92},"24":{"name":"(anonymous_24)","decl":{"start":{"line":93,"column":23},"end":{"line":93,"column":24}},"loc":{"start":{"line":93,"column":31},"end":{"line":93,"column":45}},"line":93},"25":{"name":"(anonymous_25)","decl":{"start":{"line":96,"column":2},"end":{"line":96,"column":3}},"loc":{"start":{"line":96,"column":18},"end":{"line":101,"column":3}},"line":96},"26":{"name":"(anonymous_26)","decl":{"start":{"line":103,"column":2},"end":{"line":103,"column":3}},"loc":{"start":{"line":103,"column":16},"end":{"line":105,"column":3}},"line":103},"27":{"name":"(anonymous_27)","decl":{"start":{"line":104,"column":17},"end":{"line":104,"column":18}},"loc":{"start":{"line":104,"column":25},"end":{"line":104,"column":40}},"line":104},"28":{"name":"(anonymous_28)","decl":{"start":{"line":107,"column":2},"end":{"line":107,"column":3}},"loc":{"start":{"line":107,"column":18},"end":{"line":109,"column":3}},"line":107},"29":{"name":"(anonymous_29)","decl":{"start":{"line":108,"column":17},"end":{"line":108,"column":18}},"loc":{"start":{"line":108,"column":25},"end":{"line":108,"column":42}},"line":108},"30":{"name":"(anonymous_30)","decl":{"start":{"line":111,"column":2},"end":{"line":111,"column":3}},"loc":{"start":{"line":111,"column":12},"end":{"line":113,"column":3}},"line":111},"31":{"name":"(anonymous_31)","decl":{"start":{"line":115,"column":2},"end":{"line":115,"column":3}},"loc":{"start":{"line":115,"column":24},"end":{"line":119,"column":3}},"line":115}},"branchMap":{"0":{"loc":{"start":{"line":14,"column":4},"end":{"line":16,"column":5}},"type":"if","locations":[{"start":{"line":14,"column":4},"end":{"line":16,"column":5}},{"start":{},"end":{}}],"line":14},"1":{"loc":{"start":{"line":76,"column":6},"end":{"line":78,"column":7}},"type":"if","locations":[{"start":{"line":76,"column":6},"end":{"line":78,"column":7}},{"start":{},"end":{}}],"line":76},"2":{"loc":{"start":{"line":98,"column":4},"end":{"line":100,"column":5}},"type":"if","locations":[{"start":{"line":98,"column":4},"end":{"line":100,"column":5}},{"start":{},"end":{}}],"line":98},"3":{"loc":{"start":{"line":116,"column":4},"end":{"line":118,"column":5}},"type":"if","locations":[{"start":{"line":116,"column":4},"end":{"line":118,"column":5}},{"start":{},"end":{}}],"line":116}},"s":{"0":1,"1":32,"2":32,"3":84,"4":3,"5":81,"6":2,"7":6,"8":1,"9":12,"10":9,"11":6,"12":2,"13":5,"14":11,"15":1,"16":1,"17":2,"18":1,"19":3,"20":3,"21":9,"22":3,"23":12,"24":36,"25":8,"26":8,"27":24,"28":9,"29":8,"30":5,"31":15,"32":1,"33":3,"34":1,"35":3,"36":4,"37":4,"38":3,"39":2,"40":6,"41":1,"42":3,"43":5,"44":14,"45":4,"46":1,"47":1,"48":1,"49":1,"50":1,"51":1,"52":1,"53":1,"54":1},"f":{"0":32,"1":84,"2":2,"3":6,"4":1,"5":12,"6":6,"7":2,"8":5,"9":11,"10":1,"11":1,"12":2,"13":3,"14":9,"15":12,"16":36,"17":8,"18":24,"19":5,"20":15,"21":1,"22":3,"23":1,"24":3,"25":4,"26":2,"27":6,"28":1,"29":3,"30":5,"31":14},"b":{"0":[3,81],"1":[9,15],"2":[3,1],"3":[4,10]},"_coverageSchema":"1a1c01bbd47fc00a2c39e90264f33305004495a9","hash":"3b46078c7234abb89f7ede4008e42ef0b6023bbd"}
}
