TN:
SF:..\..\..\Documents\Launch School\Todo\todo.js
FN:6,(anonymous_0)
FN:11,(anonymous_1)
FN:16,(anonymous_2)
FN:20,(anonymous_3)
FN:24,(anonymous_4)
FN:28,(anonymous_5)
FNF:6
FNH:6
FNDA:72,(anonymous_0)
FNDA:9,(anonymous_1)
FNDA:23,(anonymous_2)
FNDA:4,(anonymous_3)
FNDA:35,(anonymous_4)
FNDA:15,(anonymous_5)
DA:7,72
DA:8,72
DA:12,9
DA:13,9
DA:17,23
DA:21,4
DA:25,35
DA:29,15
DA:33,1
DA:34,1
DA:36,1
LF:11
LH:11
BRDA:12,0,0,4
BRDA:12,0,1,5
BRF:2
BRH:2
end_of_record
TN:
SF:..\..\..\Documents\Launch School\Todo\todolist.js
FN:8,(anonymous_0)
FN:13,(anonymous_1)
FN:21,(anonymous_2)
FN:25,(anonymous_3)
FN:29,(anonymous_4)
FN:33,(anonymous_5)
FN:38,(anonymous_6)
FN:42,(anonymous_7)
FN:46,(anonymous_8)
FN:47,(anonymous_9)
FN:50,(anonymous_10)
FN:54,(anonymous_11)
FN:58,(anonymous_12)
FN:63,(anonymous_13)
FN:65,(anonymous_14)
FN:69,(anonymous_15)
FN:70,(anonymous_16)
FN:73,(anonymous_17)
FN:75,(anonymous_18)
FN:84,(anonymous_19)
FN:85,(anonymous_20)
FN:88,(anonymous_21)
FN:89,(anonymous_22)
FN:92,(anonymous_23)
FN:93,(anonymous_24)
FN:96,(anonymous_25)
FN:103,(anonymous_26)
FN:104,(anonymous_27)
FN:107,(anonymous_28)
FN:108,(anonymous_29)
FN:111,(anonymous_30)
FN:115,(anonymous_31)
FNF:32
FNH:32
FNDA:32,(anonymous_0)
FNDA:84,(anonymous_1)
FNDA:2,(anonymous_2)
FNDA:6,(anonymous_3)
FNDA:1,(anonymous_4)
FNDA:12,(anonymous_5)
FNDA:6,(anonymous_6)
FNDA:2,(anonymous_7)
FNDA:5,(anonymous_8)
FNDA:11,(anonymous_9)
FNDA:1,(anonymous_10)
FNDA:1,(anonymous_11)
FNDA:2,(anonymous_12)
FNDA:3,(anonymous_13)
FNDA:9,(anonymous_14)
FNDA:12,(anonymous_15)
FNDA:36,(anonymous_16)
FNDA:8,(anonymous_17)
FNDA:24,(anonymous_18)
FNDA:5,(anonymous_19)
FNDA:15,(anonymous_20)
FNDA:1,(anonymous_21)
FNDA:3,(anonymous_22)
FNDA:1,(anonymous_23)
FNDA:3,(anonymous_24)
FNDA:4,(anonymous_25)
FNDA:2,(anonymous_26)
FNDA:6,(anonymous_27)
FNDA:1,(anonymous_28)
FNDA:3,(anonymous_29)
FNDA:5,(anonymous_30)
FNDA:14,(anonymous_31)
DA:5,1
DA:9,32
DA:10,32
DA:14,84
DA:15,3
DA:18,81
DA:22,2
DA:26,6
DA:30,1
DA:34,12
DA:35,9
DA:39,6
DA:43,2
DA:47,11
DA:51,1
DA:55,1
DA:59,2
DA:60,1
DA:64,3
DA:65,9
DA:66,3
DA:70,36
DA:74,8
DA:75,8
DA:76,24
DA:77,9
DA:81,8
DA:85,15
DA:89,3
DA:93,3
DA:97,4
DA:98,4
DA:99,3
DA:104,6
DA:108,3
DA:112,5
DA:116,14
DA:117,4
DA:122,1
DA:124,1
DA:125,1
DA:126,1
DA:128,1
DA:129,1
DA:130,1
DA:131,1
DA:132,1
LF:47
LH:47
BRDA:14,0,0,3
BRDA:14,0,1,81
BRDA:76,1,0,9
BRDA:76,1,1,15
BRDA:98,2,0,3
BRDA:98,2,1,1
BRDA:116,3,0,4
BRDA:116,3,1,10
BRF:8
BRH:8
end_of_record
